<?xml version="1.0" encoding="UTF-8"?>
<!-- Generated by org.testng.reporters.JUnitXMLReporter -->
<testsuite ignored="0" hostname="LTIN206949" failures="0" tests="8" name="Edge Test" time="77.936" errors="0" timestamp="2024-02-28T15:33:23 IST">
  <testcase classname="Testcase.TC1_upcomingHondaBikes" name="select_Newbikes_upcomingBikes" time="8.265"/>
  <testcase classname="Testcase.TC1_upcomingHondaBikes" name="select_manufac_Honda" time="2.655"/>
  <testcase classname="Testcase.TC1_upcomingHondaBikes" name="validate_HondaBike_under_4L" time="6.295"/>
  <testcase classname="Testcase.TC2_UsedCar" name="hoverusedcar_clickChennai1" time="9.044"/>
  <testcase classname="Testcase.TC2_UsedCar" name="printing_popularmodel" time="1.77"/>
  <testcase classname="Testcase.TC2_UsedCar" name="navigateToHome" time="9.469"/>
  <testcase classname="Testcase.TC3_InvalidLogin" name="LoginWithInvalidEmail" time="4.959"/>
  <testcase classname="Testcase.TC3_InvalidLogin" name="capturingErrorMessage" time="11.479"/>
</testsuite> <!-- Edge Test -->
